2019-06-20 10:04:32.672 - INFO 2495 [io-8088-exec-10] c.v.s.b.s.VinannInvalidSessionStrategy   : session失效
2019-06-20 10:04:32.676 - INFO 2495 [nio-8088-exec-9] c.v.s.b.s.VinannInvalidSessionStrategy   : session失效
2019-06-20 10:04:32.728 - INFO 2495 [io-8088-exec-10] c.v.s.b.s.VinannInvalidSessionStrategy   : 跳转到:/login.html
2019-06-20 10:04:32.729 - INFO 2495 [nio-8088-exec-9] c.v.s.b.s.VinannInvalidSessionStrategy   : 跳转到:/login.html
2019-06-20 10:04:33.122 - INFO 2495 [pool-1-thread-1] c.o.hades.controller.OrderController     : nothing to do
2019-06-20 10:05:00.090 - INFO 2495 [pool-1-thread-1] c.o.hades.controller.OrderController     : nothing to do
2019-06-20 10:10:00.175 - INFO 2495 [pool-1-thread-1] c.o.hades.controller.OrderController     : nothing to do
2019-06-20 10:14:30.119 - INFO 2495 [nio-8088-exec-8] c.v.s.b.s.VinannInvalidSessionStrategy   : session失效
2019-06-20 10:14:30.119 - INFO 2495 [nio-8088-exec-8] c.v.s.b.s.VinannInvalidSessionStrategy   : 跳转到:/login.html
2019-06-20 10:14:36.283 - INFO 2495 [nio-8088-exec-1] c.o.h.a.RbacUserDetailsService           : 表单登录用户名:admin
2019-06-20 10:14:36.433 - INFO 2495 [nio-8088-exec-1] s.b.a.VinannAuthenticationSuccessHandler : 登录成功
2019-06-20 10:15:27.868 - INFO 2495 [pool-1-thread-1] c.o.hades.controller.OrderController     : nothing to do
2019-06-20 10:20:00.244 - INFO 2495 [pool-1-thread-1] c.o.hades.controller.OrderController     : nothing to do
2019-06-20 10:25:00.068 - INFO 2495 [pool-1-thread-1] c.o.hades.controller.OrderController     : nothing to do
2019-06-20 10:30:00.127 - INFO 2495 [pool-1-thread-1] c.o.hades.controller.OrderController     : nothing to do
2019-06-20 10:35:00.214 - INFO 2495 [pool-1-thread-1] c.o.hades.controller.OrderController     : nothing to do
2019-06-20 10:39:29.010 - INFO 2495 [nio-8088-exec-5] c.v.s.browser.BrowserSecurityController  : 引发跳转的请求是:http://127.0.0.1:8088/order_list_export.html
2019-06-20 10:42:33.220 - INFO 2495 [pool-1-thread-1] c.o.hades.controller.OrderController     : nothing to do
2019-06-20 10:45:28.089 - INFO 2495 [pool-1-thread-1] c.o.hades.controller.OrderController     : nothing to do
2019-06-20 11:01:39.745 - INFO 2495 [pool-1-thread-1] c.o.hades.controller.OrderController     : nothing to do
2019-06-20 11:05:00.213 - INFO 2495 [pool-1-thread-1] c.o.hades.controller.OrderController     : nothing to do
2019-06-20 11:10:00.159 - INFO 2495 [pool-1-thread-1] c.o.hades.controller.OrderController     : nothing to do
2019-06-20 11:15:00.226 - INFO 2495 [pool-1-thread-1] c.o.hades.controller.OrderController     : nothing to do
2019-06-20 11:20:00.085 - INFO 2495 [pool-1-thread-1] c.o.hades.controller.OrderController     : nothing to do
2019-06-20 11:25:00.143 - INFO 2495 [pool-1-thread-1] c.o.hades.controller.OrderController     : nothing to do
2019-06-20 11:30:00.232 - INFO 2495 [pool-1-thread-1] c.o.hades.controller.OrderController     : nothing to do
2019-06-20 11:35:00.112 - INFO 2495 [pool-1-thread-1] c.o.hades.controller.OrderController     : nothing to do
2019-06-20 11:40:01.028 - INFO 2495 [pool-1-thread-1] c.o.hades.controller.OrderController     : nothing to do
2019-06-20 11:45:00.287 - INFO 2495 [pool-1-thread-1] c.o.hades.controller.OrderController     : nothing to do
2019-06-20 11:50:00.286 - INFO 2495 [pool-1-thread-1] c.o.hades.controller.OrderController     : nothing to do
2019-06-20 11:55:00.215 - INFO 2495 [pool-1-thread-1] c.o.hades.controller.OrderController     : nothing to do
2019-06-20 12:00:00.138 - INFO 2495 [pool-1-thread-1] c.o.hades.controller.OrderController     : nothing to do
2019-06-20 12:05:00.141 - INFO 2495 [pool-1-thread-1] c.o.hades.controller.OrderController     : nothing to do
2019-06-20 12:10:00.148 - INFO 2495 [pool-1-thread-1] c.o.hades.controller.OrderController     : nothing to do
2019-06-20 12:15:00.309 - INFO 2495 [pool-1-thread-1] c.o.hades.controller.OrderController     : nothing to do
2019-06-20 12:20:00.146 - INFO 2495 [pool-1-thread-1] c.o.hades.controller.OrderController     : nothing to do
2019-06-20 12:59:50.862 - INFO 2495 [pool-1-thread-1] c.o.hades.controller.OrderController     : nothing to do
2019-06-20 13:00:00.050 - INFO 2495 [pool-1-thread-1] c.o.hades.controller.OrderController     : nothing to do
2019-06-20 13:05:00.124 - INFO 2495 [pool-1-thread-1] c.o.hades.controller.OrderController     : nothing to do
2019-06-20 13:10:00.088 - INFO 2495 [pool-1-thread-1] c.o.hades.controller.OrderController     : nothing to do
2019-06-20 13:15:00.138 - INFO 2495 [pool-1-thread-1] c.o.hades.controller.OrderController     : nothing to do
2019-06-20 13:20:00.107 - INFO 2495 [pool-1-thread-1] c.o.hades.controller.OrderController     : nothing to do
2019-06-20 13:20:20.820 - INFO 2495 [      Thread-49] ationConfigEmbeddedWebApplicationContext : Closing org.springframework.boot.context.embedded.AnnotationConfigEmbeddedWebApplicationContext@4743dac7: startup date [Wed Jun 19 18:27:07 CST 2019]; parent: org.springframework.context.annotation.AnnotationConfigApplicationContext@47ecb985
2019-06-20 13:20:20.836 - INFO 2495 [      Thread-49] o.s.c.support.DefaultLifecycleProcessor  : Stopping beans in phase 0
2019-06-20 13:20:20.874 - INFO 2495 [      Thread-49] o.s.b.a.e.jmx.EndpointMBeanExporter      : Unregistering JMX-exposed beans on shutdown
2019-06-20 13:20:20.874 - INFO 2495 [      Thread-49] o.s.b.a.e.jmx.EndpointMBeanExporter      : Unregistering JMX-exposed beans
2019-06-20 13:20:20.875 - INFO 2495 [      Thread-49] o.s.j.e.a.AnnotationMBeanExporter        : Unregistering JMX-exposed beans on shutdown
2019-06-20 13:20:20.875 - INFO 2495 [      Thread-49] o.s.j.e.a.AnnotationMBeanExporter        : Unregistering JMX-exposed beans
2019-06-20 13:20:20.912 - INFO 2495 [      Thread-49] j.LocalContainerEntityManagerFactoryBean : Closing JPA EntityManagerFactory for persistence unit 'default'
2019-06-20 13:20:20.920 - INFO 2495 [      Thread-49] com.alibaba.druid.pool.DruidDataSource   : {dataSource-1} closed
